<?xml version="1.0" encoding="UTF-8"?>
<!-- Generated by org.testng.reporters.JUnitReportReporter -->
<testsuite hostname="MSI" failures="0" tests="1" name="com.testcases.TestNGCls" time="0.019" errors="0" timestamp="2024-04-22T20:11:42 IST" skipped="0">
  <testcase classname="com.testcases.TestNGCls" name="testcase01" time="0.019"/>
  <system-out/>
</testsuite> <!-- com.testcases.TestNGCls -->
